Determining if the include file dirent.h exists failed with the following output:
Change Dir: D:/work-dev/git-repository/nginx-master/objs/lib/pcre-8.40/out/build/x64-Debug/CMakeFiles/CMakeTmp

Run Build Command(s):C:/Program Files (x86)/Microsoft Visual Studio/2019/Community/Common7/IDE/CommonExtensions/Microsoft/CMake/Ninja/ninja.exe cmTC_5c4df && [1/2] Building C object CMakeFiles\cmTC_5c4df.dir\CheckIncludeFile.c.obj
FAILED: CMakeFiles/cmTC_5c4df.dir/CheckIncludeFile.c.obj 
C:\PROGRA~2\MICROS~2\2019\Community\VC\Tools\MSVC\14.29.30133\bin\Hostx64\x64\cl.exe  /nologo   /DWIN32 /D_WINDOWS /W3  /MDd /Zi /Ob0 /Od /RTC1 /showIncludes /FoCMakeFiles\cmTC_5c4df.dir\CheckIncludeFile.c.obj /FdCMakeFiles\cmTC_5c4df.dir\ /FS -c CheckIncludeFile.c
CheckIncludeFile.c(1): fatal error C1083: 无法打开包括文件: “dirent.h”: No such file or directory
ninja: build stopped: subcommand failed.



Determining if the include file unistd.h exists failed with the following output:
Change Dir: D:/work-dev/git-repository/nginx-master/objs/lib/pcre-8.40/out/build/x64-Debug/CMakeFiles/CMakeTmp

Run Build Command(s):C:/Program Files (x86)/Microsoft Visual Studio/2019/Community/Common7/IDE/CommonExtensions/Microsoft/CMake/Ninja/ninja.exe cmTC_058a3 && [1/2] Building C object CMakeFiles\cmTC_058a3.dir\CheckIncludeFile.c.obj
FAILED: CMakeFiles/cmTC_058a3.dir/CheckIncludeFile.c.obj 
C:\PROGRA~2\MICROS~2\2019\Community\VC\Tools\MSVC\14.29.30133\bin\Hostx64\x64\cl.exe  /nologo   /DWIN32 /D_WINDOWS /W3  /MDd /Zi /Ob0 /Od /RTC1 /showIncludes /FoCMakeFiles\cmTC_058a3.dir\CheckIncludeFile.c.obj /FdCMakeFiles\cmTC_058a3.dir\ /FS -c CheckIncludeFile.c
CheckIncludeFile.c(1): fatal error C1083: 无法打开包括文件: “unistd.h”: No such file or directory
ninja: build stopped: subcommand failed.



Determining if the include file type_traits.h exists failed with the following output:
Change Dir: D:/work-dev/git-repository/nginx-master/objs/lib/pcre-8.40/out/build/x64-Debug/CMakeFiles/CMakeTmp

Run Build Command(s):C:/Program Files (x86)/Microsoft Visual Studio/2019/Community/Common7/IDE/CommonExtensions/Microsoft/CMake/Ninja/ninja.exe cmTC_3b918 && [1/2] Building CXX object CMakeFiles\cmTC_3b918.dir\CheckIncludeFile.cxx.obj
FAILED: CMakeFiles/cmTC_3b918.dir/CheckIncludeFile.cxx.obj 
C:\PROGRA~2\MICROS~2\2019\Community\VC\Tools\MSVC\14.29.30133\bin\Hostx64\x64\cl.exe  /nologo /TP   /DWIN32 /D_WINDOWS /W3 /GR /EHsc  /MDd /Zi /Ob0 /Od /RTC1 /showIncludes /FoCMakeFiles\cmTC_3b918.dir\CheckIncludeFile.cxx.obj /FdCMakeFiles\cmTC_3b918.dir\ /FS -c CheckIncludeFile.cxx
CheckIncludeFile.cxx(1): fatal error C1083: 无法打开包括文件: “type_traits.h”: No such file or directory
ninja: build stopped: subcommand failed.



Determining if the include file bits/type_traits.h exists failed with the following output:
Change Dir: D:/work-dev/git-repository/nginx-master/objs/lib/pcre-8.40/out/build/x64-Debug/CMakeFiles/CMakeTmp

Run Build Command(s):C:/Program Files (x86)/Microsoft Visual Studio/2019/Community/Common7/IDE/CommonExtensions/Microsoft/CMake/Ninja/ninja.exe cmTC_2e8d1 && [1/2] Building CXX object CMakeFiles\cmTC_2e8d1.dir\CheckIncludeFile.cxx.obj
FAILED: CMakeFiles/cmTC_2e8d1.dir/CheckIncludeFile.cxx.obj 
C:\PROGRA~2\MICROS~2\2019\Community\VC\Tools\MSVC\14.29.30133\bin\Hostx64\x64\cl.exe  /nologo /TP   /DWIN32 /D_WINDOWS /W3 /GR /EHsc  /MDd /Zi /Ob0 /Od /RTC1 /showIncludes /FoCMakeFiles\cmTC_2e8d1.dir\CheckIncludeFile.cxx.obj /FdCMakeFiles\cmTC_2e8d1.dir\ /FS -c CheckIncludeFile.cxx
CheckIncludeFile.cxx(1): fatal error C1083: 无法打开包括文件: “bits/type_traits.h”: No such file or directory
ninja: build stopped: subcommand failed.



Determining if the function bcopy exists failed with the following output:
Change Dir: D:/work-dev/git-repository/nginx-master/objs/lib/pcre-8.40/out/build/x64-Debug/CMakeFiles/CMakeTmp

Run Build Command(s):C:/Program Files (x86)/Microsoft Visual Studio/2019/Community/Common7/IDE/CommonExtensions/Microsoft/CMake/Ninja/ninja.exe cmTC_07e94 && [1/2] Building C object CMakeFiles\cmTC_07e94.dir\CheckFunctionExists.c.obj
[2/2] Linking C executable cmTC_07e94.exe
FAILED: cmTC_07e94.exe 
cmd.exe /C "cd . && "C:\Program Files (x86)\Microsoft Visual Studio\2019\Community\Common7\IDE\CommonExtensions\Microsoft\CMake\CMake\bin\cmake.exe" -E vs_link_exe --intdir=CMakeFiles\cmTC_07e94.dir --rc=C:\PROGRA~2\WI3CF2~1\10\bin\10.0.19041.0\x64\rc.exe --mt=C:\PROGRA~2\WI3CF2~1\10\bin\10.0.19041.0\x64\mt.exe --manifests  -- C:\PROGRA~2\MICROS~2\2019\Community\VC\Tools\MSVC\14.29.30133\bin\Hostx64\x64\link.exe /nologo CMakeFiles\cmTC_07e94.dir\CheckFunctionExists.c.obj  /out:cmTC_07e94.exe /implib:cmTC_07e94.lib /pdb:cmTC_07e94.pdb /version:0.0 /machine:x64  /debug /INCREMENTAL /subsystem:console  kernel32.lib user32.lib gdi32.lib winspool.lib shell32.lib ole32.lib oleaut32.lib uuid.lib comdlg32.lib advapi32.lib && cd ."
LINK Pass 1: command "C:\PROGRA~2\MICROS~2\2019\Community\VC\Tools\MSVC\14.29.30133\bin\Hostx64\x64\link.exe /nologo CMakeFiles\cmTC_07e94.dir\CheckFunctionExists.c.obj /out:cmTC_07e94.exe /implib:cmTC_07e94.lib /pdb:cmTC_07e94.pdb /version:0.0 /machine:x64 /debug /INCREMENTAL /subsystem:console kernel32.lib user32.lib gdi32.lib winspool.lib shell32.lib ole32.lib oleaut32.lib uuid.lib comdlg32.lib advapi32.lib /MANIFEST /MANIFESTFILE:CMakeFiles\cmTC_07e94.dir/intermediate.manifest CMakeFiles\cmTC_07e94.dir/manifest.res" failed (exit code 1120) with the following output:
CheckFunctionExists.c.obj : error LNK2019: 无法解析的外部符号 bcopy，函数 main 中引用了该符号
cmTC_07e94.exe : fatal error LNK1120: 1 个无法解析的外部命令
ninja: build stopped: subcommand failed.



Determining if the function strtoq exists failed with the following output:
Change Dir: D:/work-dev/git-repository/nginx-master/objs/lib/pcre-8.40/out/build/x64-Debug/CMakeFiles/CMakeTmp

Run Build Command(s):C:/Program Files (x86)/Microsoft Visual Studio/2019/Community/Common7/IDE/CommonExtensions/Microsoft/CMake/Ninja/ninja.exe cmTC_f407a && [1/2] Building C object CMakeFiles\cmTC_f407a.dir\CheckFunctionExists.c.obj
[2/2] Linking C executable cmTC_f407a.exe
FAILED: cmTC_f407a.exe 
cmd.exe /C "cd . && "C:\Program Files (x86)\Microsoft Visual Studio\2019\Community\Common7\IDE\CommonExtensions\Microsoft\CMake\CMake\bin\cmake.exe" -E vs_link_exe --intdir=CMakeFiles\cmTC_f407a.dir --rc=C:\PROGRA~2\WI3CF2~1\10\bin\10.0.19041.0\x64\rc.exe --mt=C:\PROGRA~2\WI3CF2~1\10\bin\10.0.19041.0\x64\mt.exe --manifests  -- C:\PROGRA~2\MICROS~2\2019\Community\VC\Tools\MSVC\14.29.30133\bin\Hostx64\x64\link.exe /nologo CMakeFiles\cmTC_f407a.dir\CheckFunctionExists.c.obj  /out:cmTC_f407a.exe /implib:cmTC_f407a.lib /pdb:cmTC_f407a.pdb /version:0.0 /machine:x64  /debug /INCREMENTAL /subsystem:console  kernel32.lib user32.lib gdi32.lib winspool.lib shell32.lib ole32.lib oleaut32.lib uuid.lib comdlg32.lib advapi32.lib && cd ."
LINK Pass 1: command "C:\PROGRA~2\MICROS~2\2019\Community\VC\Tools\MSVC\14.29.30133\bin\Hostx64\x64\link.exe /nologo CMakeFiles\cmTC_f407a.dir\CheckFunctionExists.c.obj /out:cmTC_f407a.exe /implib:cmTC_f407a.lib /pdb:cmTC_f407a.pdb /version:0.0 /machine:x64 /debug /INCREMENTAL /subsystem:console kernel32.lib user32.lib gdi32.lib winspool.lib shell32.lib ole32.lib oleaut32.lib uuid.lib comdlg32.lib advapi32.lib /MANIFEST /MANIFESTFILE:CMakeFiles\cmTC_f407a.dir/intermediate.manifest CMakeFiles\cmTC_f407a.dir/manifest.res" failed (exit code 1120) with the following output:
CheckFunctionExists.c.obj : error LNK2019: 无法解析的外部符号 strtoq，函数 main 中引用了该符号
cmTC_f407a.exe : fatal error LNK1120: 1 个无法解析的外部命令
ninja: build stopped: subcommand failed.



